.  Kustomization diffing...: running dry-run
.. Kustomization diffing...: processing inventory
✓  Kustomization diffing...
► Namespace/flux-system drifted

metadata.labels.kustomize.toolkit.fluxcd.io/name
  ± value change
    - flux-system
    + infra-config

► NetworkPolicy/flux-system/allow-egress drifted

metadata.labels.kustomize.toolkit.fluxcd.io/name
  ± value change
    - flux-system
    + infra-config

► NetworkPolicy/flux-system/allow-scraping drifted

metadata.labels.kustomize.toolkit.fluxcd.io/name
  ± value change
    - flux-system
    + infra-config

► NetworkPolicy/flux-system/allow-webhooks drifted

metadata.labels.kustomize.toolkit.fluxcd.io/name
  ± value change
    - flux-system
    + infra-config

► ResourceQuota/flux-system/critical-pods-flux-system drifted

metadata.labels.kustomize.toolkit.fluxcd.io/name
  ± value change
    - flux-system
    + infra-config

► ClusterRole/crd-controller-flux-system drifted

metadata.labels.kustomize.toolkit.fluxcd.io/name
  ± value change
    - flux-system
    + infra-config

► ClusterRole/flux-edit-flux-system drifted

metadata.labels.kustomize.toolkit.fluxcd.io/name
  ± value change
    - flux-system
    + infra-config

► ClusterRole/flux-view-flux-system drifted

metadata.labels.kustomize.toolkit.fluxcd.io/name
  ± value change
    - flux-system
    + infra-config

► ClusterRoleBinding/cluster-reconciler-flux-system drifted

metadata.labels.kustomize.toolkit.fluxcd.io/name
  ± value change
    - flux-system
    + infra-config

► ClusterRoleBinding/crd-controller-flux-system drifted

metadata.labels.kustomize.toolkit.fluxcd.io/name
  ± value change
    - flux-system
    + infra-config

► CustomResourceDefinition/buckets.source.toolkit.fluxcd.io drifted

metadata.labels.kustomize.toolkit.fluxcd.io/name
  ± value change
    - flux-system
    + infra-config

► CustomResourceDefinition/gitrepositories.source.toolkit.fluxcd.io drifted

metadata.labels.kustomize.toolkit.fluxcd.io/name
  ± value change
    - flux-system
    + infra-config

► CustomResourceDefinition/helmcharts.source.toolkit.fluxcd.io drifted

metadata.labels.kustomize.toolkit.fluxcd.io/name
  ± value change
    - flux-system
    + infra-config

► CustomResourceDefinition/helmrepositories.source.toolkit.fluxcd.io drifted

metadata.labels.kustomize.toolkit.fluxcd.io/name
  ± value change
    - flux-system
    + infra-config

► CustomResourceDefinition/ocirepositories.source.toolkit.fluxcd.io drifted

metadata.labels.kustomize.toolkit.fluxcd.io/name
  ± value change
    - flux-system
    + infra-config

► ServiceAccount/flux-system/source-controller drifted

metadata.labels.kustomize.toolkit.fluxcd.io/name
  ± value change
    - flux-system
    + infra-config

► Service/flux-system/source-controller drifted

metadata.labels.kustomize.toolkit.fluxcd.io/name
  ± value change
    - flux-system
    + infra-config

► Deployment/flux-system/source-controller drifted

metadata.labels.kustomize.toolkit.fluxcd.io/name
  ± value change
    - flux-system
    + infra-config

► CustomResourceDefinition/kustomizations.kustomize.toolkit.fluxcd.io drifted

metadata.labels.kustomize.toolkit.fluxcd.io/name
  ± value change
    - flux-system
    + infra-config

► ServiceAccount/flux-system/kustomize-controller drifted

metadata.labels.kustomize.toolkit.fluxcd.io/name
  ± value change
    - flux-system
    + infra-config

► Deployment/flux-system/kustomize-controller drifted

metadata.labels.kustomize.toolkit.fluxcd.io/name
  ± value change
    - flux-system
    + infra-config

► CustomResourceDefinition/helmreleases.helm.toolkit.fluxcd.io drifted

metadata.labels.kustomize.toolkit.fluxcd.io/name
  ± value change
    - flux-system
    + infra-config

► ServiceAccount/flux-system/helm-controller drifted

metadata.labels.kustomize.toolkit.fluxcd.io/name
  ± value change
    - flux-system
    + infra-config

► Deployment/flux-system/helm-controller drifted

metadata.labels.kustomize.toolkit.fluxcd.io/name
  ± value change
    - flux-system
    + infra-config

► CustomResourceDefinition/alerts.notification.toolkit.fluxcd.io drifted

metadata.labels.kustomize.toolkit.fluxcd.io/name
  ± value change
    - flux-system
    + infra-config

► CustomResourceDefinition/providers.notification.toolkit.fluxcd.io drifted

metadata.labels.kustomize.toolkit.fluxcd.io/name
  ± value change
    - flux-system
    + infra-config

► CustomResourceDefinition/receivers.notification.toolkit.fluxcd.io drifted

metadata.labels.kustomize.toolkit.fluxcd.io/name
  ± value change
    - flux-system
    + infra-config

► ServiceAccount/flux-system/notification-controller drifted

metadata.labels.kustomize.toolkit.fluxcd.io/name
  ± value change
    - flux-system
    + infra-config

► Service/flux-system/notification-controller drifted

metadata.labels.kustomize.toolkit.fluxcd.io/name
  ± value change
    - flux-system
    + infra-config

► Service/flux-system/webhook-receiver drifted

metadata.labels.kustomize.toolkit.fluxcd.io/name
  ± value change
    - flux-system
    + infra-config

► Deployment/flux-system/notification-controller drifted

metadata.labels.kustomize.toolkit.fluxcd.io/name
  ± value change
    - flux-system
    + infra-config

► CustomResourceDefinition/imagepolicies.image.toolkit.fluxcd.io drifted

metadata.labels.kustomize.toolkit.fluxcd.io/name
  ± value change
    - flux-system
    + infra-config

► CustomResourceDefinition/imagerepositories.image.toolkit.fluxcd.io drifted

metadata.labels.kustomize.toolkit.fluxcd.io/name
  ± value change
    - flux-system
    + infra-config

► ServiceAccount/flux-system/image-reflector-controller drifted

metadata.labels.kustomize.toolkit.fluxcd.io/name
  ± value change
    - flux-system
    + infra-config

► Deployment/flux-system/image-reflector-controller drifted

metadata.labels.kustomize.toolkit.fluxcd.io/name
  ± value change
    - flux-system
    + infra-config

► CustomResourceDefinition/imageupdateautomations.image.toolkit.fluxcd.io drifted

metadata.labels.kustomize.toolkit.fluxcd.io/name
  ± value change
    - flux-system
    + infra-config

► ServiceAccount/flux-system/image-automation-controller drifted

metadata.labels.kustomize.toolkit.fluxcd.io/name
  ± value change
    - flux-system
    + infra-config

► Deployment/flux-system/image-automation-controller drifted

metadata.labels.kustomize.toolkit.fluxcd.io/name
  ± value change
    - flux-system
    + infra-config

► GitRepository/flux-system/flux-system drifted

metadata.labels.kustomize.toolkit.fluxcd.io/name
  ± value change
    - flux-system
    + infra-config

► Kustomization/flux-system/flux-system drifted

metadata.labels.kustomize.toolkit.fluxcd.io/name
  ± value change
    - flux-system
    + infra-config

► Kustomization/flux-system/infra-config-secrets drifted

metadata.labels.kustomize.toolkit.fluxcd.io/name
  ± value change
    - flux-system
    + infra-config

► Kustomization/flux-system/infra-apps drifted

metadata.labels.kustomize.toolkit.fluxcd.io/name
  ± value change
    - flux-system
    + infra-config

► Kustomization/flux-system/infra-config drifted

metadata.labels.kustomize.toolkit.fluxcd.io/name
  ± value change
    - flux-system
    + infra-config

► ConfigMap/traefik/host-config deleted
► Certificate/cert-manager/selfsigned-ca deleted
► Certificate/traefik/test-dashboard deleted
► ClusterIssuer/selfsigned deleted
► ClusterIssuer/test-selfsigned deleted
► IngressRoute/traefik/traefik-dashboard deleted
